<?xml version="1.0" encoding="UTF-8"?>
<!-- Generated by org.testng.reporters.JUnitReportReporter -->
<testsuite skipped="0" hostname="DESKTOP-GT6FCQR" name="com.ecommerce.stepDefinition.AmazonTask" tests="1" failures="0" timestamp="26 Dec 2022 06:15:59 GMT" time="6.452" errors="0">
  <testcase name="search" time="6.452" classname="com.ecommerce.stepDefinition.AmazonTask"/>
</testsuite> <!-- com.ecommerce.stepDefinition.AmazonTask -->
