<?xml version="1.0" encoding="UTF-8"?>
<!-- Generated by org.testng.reporters.JUnitReportReporter -->
<testsuite hostname="DESKTOP-GT6FCQR" failures="0" tests="1" name="com.ecommerce.stepDefinition.AmazonTask" time="6.203" errors="0" timestamp="26 Dec 2022 06:24:18 GMT" skipped="0">
  <testcase classname="com.ecommerce.stepDefinition.AmazonTask" name="search" time="6.203"/>
</testsuite> <!-- com.ecommerce.stepDefinition.AmazonTask -->
